Godot Engine v3.2.4.beta1.official - https://godotengine.org
OpenGL ES 2.0 Renderer: Intel(R) HD Graphics
OpenGL ES Batching: ON
 
**WARNING**: BaseButton's Enabled Focus Mode property has been deprecated due to redundancy and will be removed in Godot 4.0. Please use Control.set_focus_mode instead.
   At: scene/gui/base_button.cpp:329:set_enabled_focus_mode() - This method has been deprecated and will be removed in the future.
False
Null
False
6.83347
False
8.316116
False
4.483731
False
3.449353
False
0.789221
False
3.061212
False
8.28336
False
8.211589
False
8.239815
False
4.052567
False
1.419178
False
4.022649
False
0.304823
False
9.444123
False
3.825753
False
5.095208
False
3.385506
False
9.599232
False
2.36541
False
2.313225
False
7.615575
False
10.112335
False
4.97643
False
7.108647
False
4.93744
False
1.361139
False
3.100601
False
2.299889
False
2.035527
False
4.780906
False
2.076384
False
9.336157
False
1.26581
False
2.270172
False
10.190694
False
2.79769
False
2.756295
False
10.485473
False
2.816861
False
8.201959
False
1.404888
False
8.655012
False
4.250606
False
1.035928
False
3.134773
False
5.187732
False
7.263929
False
8.765467
False
6.882881
False
10.242112
False
4.879314
False
4.062098
False
2.385706
False
6.880492
False
1.005917
False
1.364182
False
0.881927
False
6.611072
False
4.53879
False
9.198999
False
1.01913
False
8.452061
False
4.545316
False
0.603518
False
10.701575
False
1.030309
False
3.686141
False
6.028312
False
4.036534
False
4.37845
False
7.233811
False
2.734101
False
4.527715
False
5.240607
False
5.243709
False
3.421789
False
7.988711
False
5.730827
False
3.001104
False
2.379094
False
2.099015
False
6.194364
False
4.146536
False
5.618239
False
3.042742
False
10.502018
False
6.503644
False
9.975274
False
9.336808
False
7.537941
False
5.462314
False
0.922142
False
0.388585
False
9.207544
False
5.949902
False
6.207377
False
9.300395
False
3.03025
False
10.126292
False
4.978171
False
6.322311
False
5.891565
False
2.385462
False
6.666706
False
7.78568
False
5.386389
False
7.083697
False
0.063486
False
6.565955
False
1.633176
False
7.853261
False
2.189938
False
4.827173
False
4.668905
False
9.207428
False
5.514885
False
7.768629
False
6.270482
False
0.622173
False
6.614566
False
7.943539
False
1.76694
False
6.073559
False
9.251055
False
7.364954
False
9.31127
False
1.338439
False
2.092386
False
9.423148
False
9.000455
False
0.829881
False
1.852996
False
3.698406
False
10.205556
False
0.12911
False
4.960284
False
9.855414
False
6.551704
False
7.236565
False
0.953485
False
1.672056
False
2.605689
False
4.218135
False
10.639877
False
6.220029
False
10.720932
False
8.389892
False
6.635359
False
4.916301
False
3.729086
False
1.660496
False
8.125333
False
10.163148
False
7.937536
False
5.333324
False
1.320449
False
7.080489
False
8.515645
False
1.623514
False
0.001369
False
4.798472
False
5.732248
False
7.085251
False
6.853037
False
1.250494
False
5.31776
False
8.312042
False
8.087003
False
8.407763
False
2.187086
False
1.523731
False
7.313208
False
9.653447
False
1.945873
False
7.316281
False
10.156895
False
2.36824
False
0.054198
False
4.955858
False
6.314727
False
6.088392
False
8.569016
False
2.783092
False
9.853789
False
3.391345
False
2.85755
False
4.150731
False
2.68274
False
5.497576
False
6.231954
False
8.902635
False
8.424362
False
8.038541
False
4.568612
False
6.356294
False
3.480753
False
7.372258
False
1.459828
False
3.262381
False
0.917855
False
6.083982
False
5.052304
False
7.764507
False
10.477167
False
4.786951
False
7.82772
False
7.166146
False
4.329235
False
9.142627
False
8.24311
False
6.146087
False
0.171357
False
6.802226
False
6.471178
False
5.74478
False
0.849053
False
0.631387
False
5.486656
False
4.472826
False
9.499404
False
7.549843
False
3.535676
False
9.242245
False
7.045038
False
6.443013
False
9.777971
False
0.830981
False
3.582045
False
0.517533
False
0.004781
False
3.932804
False
4.23864
False
9.987033
False
5.989828
False
2.204457
False
2.816014
False
3.448297
False
7.028906
False
1.59031
False
1.064547
False
10.84349
False
0.730677
False
9.743459
False
7.115112
False
4.347527
False
0.389198
False
8.830648
False
7.254964
False
1.528154
False
10.507745
False
3.906256
False
6.818238
False
2.599082
False
9.563326
False
8.861291
False
9.970254
False
6.180548
False
8.820671
False
2.665944
False
1.222411
False
3.260349
False
3.21869
False
1.627656
False
7.264253
False
3.277694
False
10.421963
False
10.344376
False
6.167197
False
8.989672
False
5.461437
False
3.512663
False
6.854608
False
7.898897
False
7.552793
False
7.354083
False
4.392589
False
1.627126
False
7.791431
False
7.557722
False
9.190007
False
7.232485
False
0.602979
False
7.826264
False
7.742806
False
9.403849
False
0.002509
False
7.742107
False
2.849765
False
5.442886
False
0.758745
False
5.500727
False
10.621154
False
5.912306
False
4.020642
False
10.338292
False
7.599813
False
10.644291
False
3.115006
False
9.318464
False
8.812466
False
9.664601
False
7.047202
False
8.324679
False
4.37288
False
10.900672
False
9.485798
False
2.589856
False
4.583729
False
8.891092
False
10.407174
False
7.559929
False
7.087179
False
7.671887
False
2.078074
False
4.074596
False
8.285083
False
0.224525
False
1.812452
False
7.063667
False
4.565364
False
3.492858
False
7.019127
False
0.983567
False
7.23615
False
2.510517
False
3.098388
False
5.937749
False
0.613991
False
6.409931
False
3.982969
False
8.848714
False
7.298441
False
5.966957
False
3.466716
**ERROR**: Can't add child 'Maging' to 'AttScript', already has a parent 'JadM'.
   At: scene/main/node.cpp:1176:add_child() - Condition "p_child->data.parent" is true.
True
7.583646
True
0.133014
True
9.658009
True
0.820439
True
4.451573
True
10.014896
True
1.46335
True
4.78002
True
1.738736
True
4.225283
True
9.376396
True
2.654477
True
6.386367
True
10.263006
True
3.082292
True
5.635224
True
6.666415
True
2.658113
True
10.713896
True
9.521648
True
8.476673
True
1.094726
True
8.498433
True
8.325301
True
10.245857
True
9.120962
True
1.950295
True
7.608476
True
0.229586
True
7.010532
True
6.242494
True
5.255648
True
1.690686
True
10.234818
True
2.940579
False
10.153391
False
9.41539
False
6.237354
False
7.65212
False
1.915039
False
7.847042
False
4.297455
False
9.82026
False
9.934894
False
4.295871
False
6.305742
False
9.062479
False
5.669835
False
10.301853
False
6.54669
False
6.568465
False
4.191469
False
2.832599
False
0.883401
False
1.242873
False
10.654633
False
2.651201
False
8.813366
False
5.508013
False
7.404578
False
8.722731
False
10.426934
False
9.580201
False
2.930296
False
6.504679
False
1.027009
False
0.480579
False
1.244033
False
9.722885
False
3.966563
False
1.616663
False
8.251776
False
0.242564
False
9.278378
False
0.55028
False
10.576598
False
7.525379
False
4.508906
False
2.064327
False
3.264862
False
1.902865
False
5.632267
False
10.950774
False
2.071159
False
0.480886
False
6.866055
False
5.003805
False
8.339839
False
8.946016
False
7.870982
False
8.355866
False
10.37828
False
0.181155
False
5.015709
False
1.239779
False
7.495003
False
9.941225
False
10.82778
False
4.376278
False
6.848191
False
0.377562
False
9.790824
False
0.503504
False
7.58528
False
0.692199
False
6.424467
False
0.069817
False
1.240383
False
4.362854
False
3.16418
False
10.452062
False
7.777276
False
3.860705
False
4.141741
False
4.712283
False
3.437441
False
5.634579
False
3.894413
False
8.903091
False
5.207182
False
4.479
False
6.335012
False
0.331401
False
9.902415
False
5.485597
False
6.756074
False
9.661916
False
5.89145
False
0.252457
False
1.921805
False
5.646937
False
9.195906
False
5.845805
False
1.078949
False
8.748245
False
9.495104
False
9.800514
False
0.780652
False
10.586137
False
6.24209
False
0.682638
False
8.724422
False
7.652993
False
4.170986
False
9.342091
False
9.413046
False
0.865817
False
4.888244
False
10.442287
False
10.812191
False
0.240531
False
5.92857
False
7.268392
False
5.831283
False
2.232769
False
8.639767
False
0.226867
False
1.072102
False
10.056567
False
4.385116
False
7.425696
False
1.521
False
7.594836
False
4.898664
False
7.372572
False
5.285461
False
5.492504
False
10.939715
False
2.571993
False
0.529662
False
1.521547
False
4.235551
False
7.481729
False
8.819283
False
5.740403
False
10.797079
False
5.028724
False
6.211458
**ERROR**: Can't add child 'Maging' to 'AttScript', already has a parent 'JadM'.
   At: scene/main/node.cpp:1176:add_child() - Condition "p_child->data.parent" is true.
True
1.470721
True
1.926511
True
5.824498
True
0.811811
True
8.542469
True
7.404758
True
9.126471
True
7.925937
True
2.186976
True
2.968019
True
1.432625
True
5.991598
True
3.318952
True
1.346006
True
6.593535
True
8.779381
True
8.551665
True
8.026487
True
0.009136
True
7.653038
True
3.281088
True
6.027569
True
1.761665
True
8.769672
True
8.038676
True
1.213346
True
10.424367
True
7.314966
True
6.122216
True
2.003906
True
1.617655
True
7.190501
False
0.232801
False
7.012741
False
10.360923
False
0.542259
False
7.314673
False
1.083482
False
6.139738
False
1.871797
False
8.86735
False
9.322615
False
8.199681
False
6.87548
False
4.009512
False
10.952181
False
3.743221
False
9.542894
False
7.625501
False
1.579077
False
6.429733
False
0.538897
False
1.567377
False
9.616178
False
10.535976
False
5.738483
False
4.017776
False
8.348491
False
3.35674
False
3.22144
False
9.120377
False
6.76331
False
1.628651
False
2.753228
False
0.838492
False
9.026115
False
2.2701
False
1.803893
False
8.138739
False
4.727201
False
10.089593
False
8.806663
False
7.541241
False
5.616205
False
8.388201
False
4.402549
False
9.482682
False
5.527214
False
9.643528
False
5.450738
False
1.47614
False
9.866121
False
5.510925
False
5.915501
False
10.102336
False
2.441983
False
5.624058
False
1.525359
False
7.56646
False
3.045055
False
8.235448
False
1.334964
False
7.754052
False
5.002581
False
0.578133
False
7.196758
False
2.378415
False
6.312802
False
6.018548
False
5.18509
False
8.902764
False
4.538872
False
0.061594
False
2.346187
False
0.995535
False
7.118087
False
5.756232
False
3.00613
False
2.694176
False
8.740383
False
1.932741
False
6.438269
False
10.458344
False
9.471476
False
1.307909
False
10.52241
False
0.097897
False
4.613154
False
7.611885
False
4.567506
False
6.552962
False
8.691529
False
2.237141
False
7.811102
False
3.415029
False
8.90544
False
7.139463
False
8.524927
False
7.550393
False
7.703522
False
0.747208
False
6.230685
False
3.182589
False
10.972235
False
0.658856
False
7.318158
False
2.65353
False
1.763126
False
7.272742
False
5.644156
False
8.639853
False
1.465652
False
6.492511
False
6.419944
False
4.355656
False
4.096785
False
6.257196
False
0.991004
False
4.058764
False
9.496681
False
9.339883
False
5.977046
False
5.847475
False
3.554006
False
3.837115
False
1.908841
False
4.311621
False
0.505169
False
6.461603
False
9.647718
False
0.872331
False
4.322977
False
7.193285
False
3.70431
False
10.446988
False
9.805623
False
6.55281
False
9.255013
False
6.537087
False
0.0413
**ERROR**: Can't add child 'Ranging' to 'AttScript', already has a parent 'JadM'.
   At: scene/main/node.cpp:1176:add_child() - Condition "p_child->data.parent" is true.
True
6.952602
True
5.738351
True
0.359999
True
0.929208
True
1.00297
True
0.733228
True
5.362886
True
5.041136
True
5.94723
True
2.590758
True
9.193781
True
7.345486
True
4.012248
True
6.993186
True
2.821082
True
10.461108
True
1.800519
True
10.128738
True
2.002908
True
9.999115
True
5.087682
True
0.709397
True
6.517289
True
8.43477
True
4.772654
True
0.553924
True
7.574625
True
1.272968
True
1.314019
False
8.636091
False
3.875678
False
0.486492
False
9.093633
False
8.198634
False
8.274557
False
4.560253
False
3.95114
False
4.003698
False
6.111998
False
3.107491
False
5.297369
False
9.10377
False
9.090592
False
8.506715
False
3.265841
False
4.954451
False
6.200368
False
10.642698
False
9.09926
False
3.604829
False
6.005532
False
9.542483
False
5.234864
False
10.317538
False
2.779422
False
3.784391
False
7.440829
False
10.411682
False
4.744389
False
5.881202
False
9.052671
False
8.930013
False
4.770132
False
5.497254
False
3.013162
False
6.145382
False
5.399292
False
3.349988
False
4.602228
False
1.776996
False
2.077481
False
9.975117
False
9.891632
False
2.841647
False
2.268421
False
0.013925
False
3.590108
False
4.875621
False
7.006401
False
5.529279
False
10.261179
False
1.830837
False
6.757558
False
3.933717
False
2.782321
False
1.668854
False
10.75813
False
9.216038
False
1.512576
False
4.520321
False
10.643582
False
10.032254
False
10.43799
False
2.042034
False
4.235713
False
9.641853
False
9.387448
False
6.287751
False
9.990854
False
1.146343
False
1.456461
False
4.618701
False
3.79206
False
9.852389
False
3.378911
False
3.563395
False
10.92713
False
6.815908
False
10.442621
False
7.977057
False
2.562417
False
2.379383
False
5.530818
False
8.88814
False
6.517505
False
3.347257
False
3.333311
False
1.283976
False
10.993186
False
1.093845
False
10.527143
False
4.847437
False
1.635937
False
7.055933
False
10.484733
False
3.071656
False
2.78775
False
10.114694
False
6.786315
False
2.136442
False
2.414793
False
4.167579
False
1.668753
False
10.114397
False
10.520648
False
4.192405
False
2.903812
False
1.962524
False
0.917601
False
6.174547
False
1.593442
False
6.136705
False
0.950192
False
2.940945
False
8.541366
False
8.259315
False
6.658031
False
2.287297
False
5.054212
False
4.66161
False
4.873531
False
5.799973
False
5.501289
False
5.781967
False
3.905287
False
7.483308
False
5.459673
False
10.540428
False
2.80637
False
3.00345
False
4.332841
False
5.65453
False
10.125498
False
1.71098
False
3.621914
False
9.989884
False
7.82453
False
10.890904
False
2.595348
False
3.751864
False
3.005627
False
7.356904
False
8.450871
False
6.043296
**ERROR**: Can't add child 'Maging' to 'AttScript', already has a parent 'JadM'.
   At: scene/main/node.cpp:1176:add_child() - Condition "p_child->data.parent" is true.
True
3.215311
True
3.856507
True
1.660337
True
2.947579
True
5.956765
True
3.421205
True
10.791509
True
3.174311
True
8.716295
True
0.28189
True
8.798903
True
3.611747
True
5.109277
**ERROR**: Condition "_first != __null" is true.
   At: ./core/self_list.h:112:~List() - Condition "_first != __null" is true.
**ERROR**: Condition "_first != __null" is true.
   At: ./core/self_list.h:112:~List() - Condition "_first != __null" is true.
**WARNING**: ObjectDB instances leaked at exit (run with --verbose for details).
   At: core/object.cpp:2135:cleanup() - ObjectDB instances leaked at exit (run with --verbose for details).
**ERROR**: Resources still in use at exit (run with --verbose for details).
   At: core/resource.cpp:477:clear() - Resources still in use at exit (run with --verbose for details).
